
> nextjs-shadcn@0.1.0 dev
> next dev -H 0.0.0.0 --turbopack

   ▲ Next.js 15.4.6 (Turbopack)
   - Local:        http://localhost:3000
   - Network:      http://0.0.0.0:3000
   - Environments: .env.local, .env
   - Experiments (use with caution):
     ✓ optimizeCss

 ✓ Starting...
 ✓ Ready in 1460ms
 ⚠ Webpack is configured while Turbopack is not, which may cause problems.
 ⚠ See instructions if you need to configure Turbopack:
  https://nextjs.org/docs/app/api-reference/next-config-js/turbopack

 ○ Compiling / ...
 ✓ Compiled / in 6.7s
[INFO] Loading fresh site config
[INFO] Fetching site configuration for zweitmeinu-ng...
[INFO] Loading homepage data...
[INFO] Fetching page with slug: home
[INFO] Loading fresh site config
[INFO] Fetching site configuration for zweitmeinu-ng...
[INFO] Fetching page with slug: home
[INFO] Site config API response: {
  data: [
    {
      id: 8,
      documentId: 'qxinjhtvfmliqjk3fs22cxcg',
      siteIdentifier: 'complexcare-de',
      domain: 'complexcaresolutions.de',
      siteName: 'complex care solutions GmbH',
      tagline: 'advancing healthcare',
      aliases: null,
      brand: 'complexcare',
      specialty: 'general',
      locales: [Array],
      navigation: [Object],
      footer: [Object],
      features: null,
      createdAt: '2025-07-16T19:19:27.062Z',
      updatedAt: '2025-07-16T19:39:51.986Z',
      publishedAt: '2025-07-16T19:39:52.110Z',
      logo: [Object],
      favicon: [Object],
      theme: [Object],
      contact: null,
      socialMedia: null,
      analytics: null,
      seo: null,
      portalSettings: null,
      maintenanceMode: null,
      emailSettings: [Object]
    },
    {
      id: 16,
      documentId: 'a1bdq4ytp9bdpa4kpin9c9hh',
      siteIdentifier: 'zweitmeinu-ng',
      domain: 'zweitmein.ng',
      siteName: 'zweitmeinu.ng',
      tagline: 'Beratung wenn sie wirklich wichtig ist',
      aliases: [Object],
      brand: 'portal',
      specialty: 'general',
      locales: [Array],
      navigation: [Object],
      footer: [Object],
      features: [Object],
      createdAt: '2025-07-16T09:47:54.613Z',
      updatedAt: '2025-08-01T20:11:13.177Z',
      publishedAt: '2025-08-01T20:11:13.259Z',
      logo: [Object],
      favicon: [Object],
      theme: [Object],
      contact: [Object],
      socialMedia: [Object],
      analytics: null,
      seo: [Object],
      portalSettings: null,
      maintenanceMode: [Object],
      emailSettings: [Object]
    }
  ],
  meta: { pagination: { page: 1, pageSize: 25, pageCount: 1, total: 2 } }
}
[INFO] Available fields in zweitmeinu-ng: [
  'id',              'documentId',
  'siteIdentifier',  'domain',
  'siteName',        'tagline',
  'aliases',         'brand',
  'specialty',       'locales',
  'navigation',      'footer',
  'features',        'createdAt',
  'updatedAt',       'publishedAt',
  'logo',            'favicon',
  'theme',           'contact',
  'socialMedia',     'analytics',
  'seo',             'portalSettings',
  'maintenanceMode', 'emailSettings'
]
[INFO] openingHours found: {
  regular: {
    friday: '09:00-16:00',
    monday: '09:00-16:00',
    sunday: 'geschlossen',
    tuesday: '09:00-16:00',
    saturday: 'geschlossen',
    thursday: '09:00-16:00',
    wednesday: '09:00-16:00'
  },
  holidays: 'An Feiertagen eingeschränkte Verfügbarkeit',
  emergency: '24/7 Notfall-Hotline verfügbar'
}
[INFO] Found site config: zweitmeinu.ng
[INFO] {
  realSite: {
    id: 16,
    documentId: 'a1bdq4ytp9bdpa4kpin9c9hh',
    siteIdentifier: 'zweitmeinu-ng',
    domain: 'zweitmein.ng',
    siteName: 'zweitmeinu.ng',
    tagline: 'Beratung wenn sie wirklich wichtig ist',
    aliases: { aliases: [Array] },
    brand: 'portal',
    specialty: 'general',
    locales: [ [Object] ],
    navigation: {
      topBar: [Object],
      ctaButton: [Object],
      searchBar: [Object],
      mainNavigation: [Array],
      mobileMenuSettings: [Object]
    },
    footer: {
      style: [Object],
      columns: [Array],
      copyright: [Object],
      newsletter: [Object],
      socialMedia: [Object],
      bottomSection: [Object],
      emergencyBanner: [Object]
    },
    features: { features: [Object] },
    createdAt: '2025-07-16T09:47:54.613Z',
    updatedAt: '2025-08-01T20:11:13.177Z',
    publishedAt: '2025-08-01T20:11:13.259Z',
    logo: {
      id: 4,
      documentId: 'gvyhky147n0g3bq5yi8fab1n',
      name: 'Basislogo_ohneClaim.png',
      alternativeText: null,
      caption: null,
      width: 1600,
      height: 1600,
      formats: [Object],
      hash: 'Basislogo_ohne_Claim_f755f3734e',
      ext: '.png',
      mime: 'image/png',
      size: 25.12,
      url: '/uploads/Basislogo_ohne_Claim_f755f3734e.png',
      previewUrl: null,
      provider: 'local',
      provider_metadata: null,
      createdAt: '2025-07-15T15:34:50.696Z',
      updatedAt: '2025-08-01T20:07:41.523Z',
      publishedAt: '2025-07-15T15:34:50.696Z'
    },
    favicon: {
      id: 1,
      documentId: 'b5m22t15tsep8vnuau06kgcq',
      name: 'favicon.ico',
      alternativeText: 'Favicon zweitmeinu.ng',
      caption: 'Favicon',
      width: null,
      height: null,
      formats: {},
      hash: 'favicon_af3459ec0b',
      ext: '.ico',
      mime: 'image/x-icon',
      size: 15.41,
      url: '/uploads/favicon_af3459ec0b.ico',
      previewUrl: null,
      provider: 'local',
      provider_metadata: null,
      createdAt: '2025-07-15T15:34:49.748Z',
      updatedAt: '2025-08-01T16:34:55.800Z',
      publishedAt: '2025-07-15T15:34:49.748Z'
    },
    theme: {
      id: 14,
      primaryColor: '#1278B3',
      secondaryColor: '#B3AF09',
      accentColor: '#0091BD',
      darkColor: '#004166',
      backgroundColor: '#f0f1f4',
      fontFamily: 'Roboto Condensed, Arial Narrow, sans-serif',
      customCSS: '.portal-header { background: linear-gradient(135deg, #1278B3 0%, #f0f1f4 100%); }\\n.domain-card:hover { transform: translateY(-8px); border-color: #1278B3; box-shadow: 0 12px 24px rgba(0, 65, 102, 0.15); }\\n.glassmorphism { backdrop-filter: blur(10px); background: rgba(255,255,255,0.1); }",\n' +
        '  "animations": {\n' +
        '    "enableFloatingIcons": true,\n' +
        '    "enableParallax": true,\n' +
        '    "reducedMotion": false\n' +
        '  }\n' +
        '}'
    },
    contact: {
      id: 12,
      email: 'kontakt@zweitmeinu.ng',
      phone: '0800 80 44 100',
      fax: '0800 80 44 190',
      address: 'complex care solutions GmbH\nHans-Böckler-Str. 19\n46236 Bottrop',
      emergencyHotline: '0174 3032053',
      openingHours: [Object]
    },
    socialMedia: {
      id: 11,
      facebook: null,
      x: null,
      linkedin: null,
      instagram: null,
      youtube: null,
      xing: null,
      tiktok: null,
      whatsapp: null,
      telegram: null
    },
    analytics: null,
    seo: {
      id: 31,
      metaTitle: 'Zweitmeinung Portal - Medizinische Zweitmeinung',
      metaDescription: 'Ihr zentrales Portal für qualifizierte medizinische Zweitmeinungen. Zugang zu über 1000 Experten aus über 50 Fachbereichen. Schnell, sicher, kompetent.',
      keywords: 'zweitmeinung portal, medical second opinion, medizinische zweitmeinung, expertenrat, facharzt zweitmeinung, zweitmeinung online',
      canonicalURL: 'https://zweitmeinu.ng',
      structuredData: [Object]
    },
    portalSettings: null,
    maintenanceMode: {
      id: 11,
      enabled: false,
      startDate: null,
      endDate: null,
      title: 'Wartungsarbeiten',
      message: 'Wir führen gerade wichtige Wartungsarbeiten durch. Bitte versuchen Sie es später erneut.',
      allowedRoles: [Array],
      showProgressBar: false,
      progressPercentage: 0,
      contactInfo: [Object],
      customCSS: null,
      redirectUrl: null
    },
    emailSettings: {
      id: 16,
      fromEmail: 'noreply@zweitmeinu.ng',
      fromName: 'zweitmeinu.ng',
      replyToEmail: 'kontakt@zweitmeinu.ng',
      notificationEmail: 'kontakt@zweitmeinu.ng',
      ccEmails: [],
      emailSignature: null,
      emailFooter: 'Diese E-Mail wurde automatisch generiert.',
      notificationSettings: [Object],
      emailTemplateStyle: [Object]
    }
  }
} 🔄 Converting real site config
[INFO] Converted site config: {
  id: 16,
  attributes: {
    siteIdentifier: 'zweitmeinu-ng',
    domain: 'zweitmein.ng',
    siteName: 'zweitmeinu.ng',
    tagline: 'Beratung wenn sie wirklich wichtig ist',
    brand: 'portal',
    specialty: 'general',
    logo: { data: [Object] },
    favicon: { data: [Object] },
    navigation: { main: [Array], footer: [] },
    contact: {
      id: 1,
      email: 'kontakt@zweitmeinu.ng',
      phone: '+49 800 80 44 100',
      emergencyHotline: '+49 800 80 44 100',
      openingHours: [Object],
      address: 'Complex Care Solutions GmbH\nBottrop, Deutschland'
    },
    socialMedia: {
      id: 11,
      facebook: null,
      x: null,
      linkedin: null,
      instagram: null,
      youtube: null,
      xing: null,
      tiktok: null,
      whatsapp: null,
      telegram: null
    },
    topBar: {
      enabled: true,
      content: [Array],
      backgroundColor: '#004166',
      textColor: '#ffffff'
    },
    ctaButton: {
      label: 'Notfall-Zweitmeinung',
      url: '/notfall',
      backgroundColor: '#B3AF09',
      textColor: '#ffffff',
      animate: true
    },
    footer: {
      style: [Object],
      columns: [Array],
      copyright: [Object],
      newsletter: [Object],
      socialMedia: [Object],
      bottomSection: [Object],
      emergencyBanner: [Object]
    },
    createdAt: '2025-07-16T09:47:54.613Z',
    updatedAt: '2025-08-01T20:11:13.177Z',
    publishedAt: '2025-08-01T20:11:13.259Z'
  }
}
[INFO] Site config validation passed
[INFO] Site configuration validated successfully
[INFO] Site config cached successfully
[INFO] Site config API response: {
  data: [
    {
      id: 8,
      documentId: 'qxinjhtvfmliqjk3fs22cxcg',
      siteIdentifier: 'complexcare-de',
      domain: 'complexcaresolutions.de',
      siteName: 'complex care solutions GmbH',
      tagline: 'advancing healthcare',
      aliases: null,
      brand: 'complexcare',
      specialty: 'general',
      locales: [Array],
      navigation: [Object],
      footer: [Object],
      features: null,
      createdAt: '2025-07-16T19:19:27.062Z',
      updatedAt: '2025-07-16T19:39:51.986Z',
      publishedAt: '2025-07-16T19:39:52.110Z',
      logo: [Object],
      favicon: [Object],
      theme: [Object],
      contact: null,
      socialMedia: null,
      analytics: null,
      seo: null,
      portalSettings: null,
      maintenanceMode: null,
      emailSettings: [Object]
    },
    {
      id: 16,
      documentId: 'a1bdq4ytp9bdpa4kpin9c9hh',
      siteIdentifier: 'zweitmeinu-ng',
      domain: 'zweitmein.ng',
      siteName: 'zweitmeinu.ng',
      tagline: 'Beratung wenn sie wirklich wichtig ist',
      aliases: [Object],
      brand: 'portal',
      specialty: 'general',
      locales: [Array],
      navigation: [Object],
      footer: [Object],
      features: [Object],
      createdAt: '2025-07-16T09:47:54.613Z',
      updatedAt: '2025-08-01T20:11:13.177Z',
      publishedAt: '2025-08-01T20:11:13.259Z',
      logo: [Object],
      favicon: [Object],
      theme: [Object],
      contact: [Object],
      socialMedia: [Object],
      analytics: null,
      seo: [Object],
      portalSettings: null,
      maintenanceMode: [Object],
      emailSettings: [Object]
    }
  ],
  meta: { pagination: { page: 1, pageSize: 25, pageCount: 1, total: 2 } }
}
[INFO] Available fields in zweitmeinu-ng: [
  'id',              'documentId',
  'siteIdentifier',  'domain',
  'siteName',        'tagline',
  'aliases',         'brand',
  'specialty',       'locales',
  'navigation',      'footer',
  'features',        'createdAt',
  'updatedAt',       'publishedAt',
  'logo',            'favicon',
  'theme',           'contact',
  'socialMedia',     'analytics',
  'seo',             'portalSettings',
  'maintenanceMode', 'emailSettings'
]
[INFO] openingHours found: {
  regular: {
    friday: '09:00-16:00',
    monday: '09:00-16:00',
    sunday: 'geschlossen',
    tuesday: '09:00-16:00',
    saturday: 'geschlossen',
    thursday: '09:00-16:00',
    wednesday: '09:00-16:00'
  },
  holidays: 'An Feiertagen eingeschränkte Verfügbarkeit',
  emergency: '24/7 Notfall-Hotline verfügbar'
}
[INFO] Found site config: zweitmeinu.ng
[INFO] {
  realSite: {
    id: 16,
    documentId: 'a1bdq4ytp9bdpa4kpin9c9hh',
    siteIdentifier: 'zweitmeinu-ng',
    domain: 'zweitmein.ng',
    siteName: 'zweitmeinu.ng',
    tagline: 'Beratung wenn sie wirklich wichtig ist',
    aliases: { aliases: [Array] },
    brand: 'portal',
    specialty: 'general',
    locales: [ [Object] ],
    navigation: {
      topBar: [Object],
      ctaButton: [Object],
      searchBar: [Object],
      mainNavigation: [Array],
      mobileMenuSettings: [Object]
    },
    footer: {
      style: [Object],
      columns: [Array],
      copyright: [Object],
      newsletter: [Object],
      socialMedia: [Object],
      bottomSection: [Object],
      emergencyBanner: [Object]
    },
    features: { features: [Object] },
    createdAt: '2025-07-16T09:47:54.613Z',
    updatedAt: '2025-08-01T20:11:13.177Z',
    publishedAt: '2025-08-01T20:11:13.259Z',
    logo: {
      id: 4,
      documentId: 'gvyhky147n0g3bq5yi8fab1n',
      name: 'Basislogo_ohneClaim.png',
      alternativeText: null,
      caption: null,
      width: 1600,
      height: 1600,
      formats: [Object],
      hash: 'Basislogo_ohne_Claim_f755f3734e',
      ext: '.png',
      mime: 'image/png',
      size: 25.12,
      url: '/uploads/Basislogo_ohne_Claim_f755f3734e.png',
      previewUrl: null,
      provider: 'local',
      provider_metadata: null,
      createdAt: '2025-07-15T15:34:50.696Z',
      updatedAt: '2025-08-01T20:07:41.523Z',
      publishedAt: '2025-07-15T15:34:50.696Z'
    },
    favicon: {
      id: 1,
      documentId: 'b5m22t15tsep8vnuau06kgcq',
      name: 'favicon.ico',
      alternativeText: 'Favicon zweitmeinu.ng',
      caption: 'Favicon',
      width: null,
      height: null,
      formats: {},
      hash: 'favicon_af3459ec0b',
      ext: '.ico',
      mime: 'image/x-icon',
      size: 15.41,
      url: '/uploads/favicon_af3459ec0b.ico',
      previewUrl: null,
      provider: 'local',
      provider_metadata: null,
      createdAt: '2025-07-15T15:34:49.748Z',
      updatedAt: '2025-08-01T16:34:55.800Z',
      publishedAt: '2025-07-15T15:34:49.748Z'
    },
    theme: {
      id: 14,
      primaryColor: '#1278B3',
      secondaryColor: '#B3AF09',
      accentColor: '#0091BD',
      darkColor: '#004166',
      backgroundColor: '#f0f1f4',
      fontFamily: 'Roboto Condensed, Arial Narrow, sans-serif',
      customCSS: '.portal-header { background: linear-gradient(135deg, #1278B3 0%, #f0f1f4 100%); }\\n.domain-card:hover { transform: translateY(-8px); border-color: #1278B3; box-shadow: 0 12px 24px rgba(0, 65, 102, 0.15); }\\n.glassmorphism { backdrop-filter: blur(10px); background: rgba(255,255,255,0.1); }",\n' +
        '  "animations": {\n' +
        '    "enableFloatingIcons": true,\n' +
        '    "enableParallax": true,\n' +
        '    "reducedMotion": false\n' +
        '  }\n' +
        '}'
    },
    contact: {
      id: 12,
      email: 'kontakt@zweitmeinu.ng',
      phone: '0800 80 44 100',
      fax: '0800 80 44 190',
      address: 'complex care solutions GmbH\nHans-Böckler-Str. 19\n46236 Bottrop',
      emergencyHotline: '0174 3032053',
      openingHours: [Object]
    },
    socialMedia: {
      id: 11,
      facebook: null,
      x: null,
      linkedin: null,
      instagram: null,
      youtube: null,
      xing: null,
      tiktok: null,
      whatsapp: null,
      telegram: null
    },
    analytics: null,
    seo: {
      id: 31,
      metaTitle: 'Zweitmeinung Portal - Medizinische Zweitmeinung',
      metaDescription: 'Ihr zentrales Portal für qualifizierte medizinische Zweitmeinungen. Zugang zu über 1000 Experten aus über 50 Fachbereichen. Schnell, sicher, kompetent.',
      keywords: 'zweitmeinung portal, medical second opinion, medizinische zweitmeinung, expertenrat, facharzt zweitmeinung, zweitmeinung online',
      canonicalURL: 'https://zweitmeinu.ng',
      structuredData: [Object]
    },
    portalSettings: null,
    maintenanceMode: {
      id: 11,
      enabled: false,
      startDate: null,
      endDate: null,
      title: 'Wartungsarbeiten',
      message: 'Wir führen gerade wichtige Wartungsarbeiten durch. Bitte versuchen Sie es später erneut.',
      allowedRoles: [Array],
      showProgressBar: false,
      progressPercentage: 0,
      contactInfo: [Object],
      customCSS: null,
      redirectUrl: null
    },
    emailSettings: {
      id: 16,
      fromEmail: 'noreply@zweitmeinu.ng',
      fromName: 'zweitmeinu.ng',
      replyToEmail: 'kontakt@zweitmeinu.ng',
      notificationEmail: 'kontakt@zweitmeinu.ng',
      ccEmails: [],
      emailSignature: null,
      emailFooter: 'Diese E-Mail wurde automatisch generiert.',
      notificationSettings: [Object],
      emailTemplateStyle: [Object]
    }
  }
} 🔄 Converting real site config
[INFO] Converted site config: {
  id: 16,
  attributes: {
    siteIdentifier: 'zweitmeinu-ng',
    domain: 'zweitmein.ng',
    siteName: 'zweitmeinu.ng',
    tagline: 'Beratung wenn sie wirklich wichtig ist',
    brand: 'portal',
    specialty: 'general',
    logo: { data: [Object] },
    favicon: { data: [Object] },
    navigation: { main: [Array], footer: [] },
    contact: {
      id: 1,
      email: 'kontakt@zweitmeinu.ng',
      phone: '+49 800 80 44 100',
      emergencyHotline: '+49 800 80 44 100',
      openingHours: [Object],
      address: 'Complex Care Solutions GmbH\nBottrop, Deutschland'
    },
    socialMedia: {
      id: 11,
      facebook: null,
      x: null,
      linkedin: null,
      instagram: null,
      youtube: null,
      xing: null,
      tiktok: null,
      whatsapp: null,
      telegram: null
    },
    topBar: {
      enabled: true,
      content: [Array],
      backgroundColor: '#004166',
      textColor: '#ffffff'
    },
    ctaButton: {
      label: 'Notfall-Zweitmeinung',
      url: '/notfall',
      backgroundColor: '#B3AF09',
      textColor: '#ffffff',
      animate: true
    },
    footer: {
      style: [Object],
      columns: [Array],
      copyright: [Object],
      newsletter: [Object],
      socialMedia: [Object],
      bottomSection: [Object],
      emergencyBanner: [Object]
    },
    createdAt: '2025-07-16T09:47:54.613Z',
    updatedAt: '2025-08-01T20:11:13.177Z',
    publishedAt: '2025-08-01T20:11:13.259Z'
  }
}
[INFO] Site config validation passed
[INFO] Site configuration validated successfully
[INFO] Site config cached successfully
[INFO] API Response: {
  data: [
    {
      id: 15,
      documentId: 'kel6qh6p1wniyax1ng8ctwcy',
      title: 'Startseite zweitmein.ng',
      slug: 'home',
      isSharedContent: false,
      createdAt: '2025-07-17T14:52:19.550Z',
      updatedAt: '2025-08-01T09:54:22.076Z',
      publishedAt: '2025-08-01T09:54:22.382Z',
      sections: [Array],
      seo: null
    }
  ],
  meta: { pagination: { page: 1, pageSize: 25, pageCount: 1, total: 1 } }
}
[INFO] Found page: Startseite zweitmein.ng
[INFO] Sections found: 1
[INFO] { title: 'Startseite zweitmein.ng' } 🔄 Converting real page
[INFO] {
  sections: [
    {
      __component: 'sections.hero-carousel',
      id: 5,
      autoplay: true,
      autoplayInterval: 6000,
      showDots: true,
      showArrows: true,
      transitionType: 'fade',
      transitionDuration: 800,
      pauseOnHover: true,
      infiniteLoop: true,
      height: 'screen-75',
      mobileHeight: 'screen-50',
      preloadImages: true,
      lazyLoad: false,
      slides: [Array]
    }
  ]
} 📦 Real sections
[INFO] { count: 1 } ✅ Valid sections after filtering
[INFO] Converted page: {
  id: 15,
  attributes: {
    title: 'Startseite zweitmein.ng',
    slug: 'home',
    sections: [ [Object] ],
    seo: null,
    createdAt: '2025-07-17T14:52:19.550Z',
    updatedAt: '2025-08-01T09:54:22.076Z',
    publishedAt: '2025-08-01T09:54:22.382Z'
  }
}
[INFO] Homepage data loaded: SUCCESS
[INFO] Debug: Section Types
[INFO] Total sections: 1
[INFO] Unique types: sections.hero-carousel
[INFO] All types: sections.hero-carousel
[INFO] Using real Strapi data!
[INFO] Rendering 1 valid sections
[INFO] API Response: {
  data: [
    {
      id: 15,
      documentId: 'kel6qh6p1wniyax1ng8ctwcy',
      title: 'Startseite zweitmein.ng',
      slug: 'home',
      isSharedContent: false,
      createdAt: '2025-07-17T14:52:19.550Z',
      updatedAt: '2025-08-01T09:54:22.076Z',
      publishedAt: '2025-08-01T09:54:22.382Z',
      sections: [Array],
      seo: null
    }
  ],
  meta: { pagination: { page: 1, pageSize: 25, pageCount: 1, total: 1 } }
}
[INFO] Found page: Startseite zweitmein.ng
[INFO] Sections found: 1
[INFO] { title: 'Startseite zweitmein.ng' } 🔄 Converting real page
[INFO] {
  sections: [
    {
      __component: 'sections.hero-carousel',
      id: 5,
      autoplay: true,
      autoplayInterval: 6000,
      showDots: true,
      showArrows: true,
      transitionType: 'fade',
      transitionDuration: 800,
      pauseOnHover: true,
      infiniteLoop: true,
      height: 'screen-75',
      mobileHeight: 'screen-50',
      preloadImages: true,
      lazyLoad: false,
      slides: [Array]
    }
  ]
} 📦 Real sections
[INFO] { count: 1 } ✅ Valid sections after filtering
[INFO] Converted page: {
  id: 15,
  attributes: {
    title: 'Startseite zweitmein.ng',
    slug: 'home',
    sections: [ [Object] ],
    seo: null,
    createdAt: '2025-07-17T14:52:19.550Z',
    updatedAt: '2025-08-01T09:54:22.076Z',
    publishedAt: '2025-08-01T09:54:22.382Z'
  }
}
 GET / 200 in 7959ms
 ⚠ Cross origin request detected from 10.10.180.153 to /_next/* resource. In a future major version of Next.js, you will need to explicitly configure "allowedDevOrigins" in next.config to allow this.
Read more: https://nextjs.org/docs/app/api-reference/config/next-config-js/allowedDevOrigins
 ○ Compiling /api/site-config ...
 ✓ Compiled /api/site-config in 2.3s
[INFO] Loading fresh site config
[INFO] Fetching site configuration for zweitmeinu-ng...
[INFO] Site config API response: {
  data: [
    {
      id: 8,
      documentId: 'qxinjhtvfmliqjk3fs22cxcg',
      siteIdentifier: 'complexcare-de',
      domain: 'complexcaresolutions.de',
      siteName: 'complex care solutions GmbH',
      tagline: 'advancing healthcare',
      aliases: null,
      brand: 'complexcare',
      specialty: 'general',
      locales: [Array],
      navigation: [Object],
      footer: [Object],
      features: null,
      createdAt: '2025-07-16T19:19:27.062Z',
      updatedAt: '2025-07-16T19:39:51.986Z',
      publishedAt: '2025-07-16T19:39:52.110Z',
      logo: [Object],
      favicon: [Object],
      theme: [Object],
      contact: null,
      socialMedia: null,
      analytics: null,
      seo: null,
      portalSettings: null,
      maintenanceMode: null,
      emailSettings: [Object]
    },
    {
      id: 17,
      documentId: 'a1bdq4ytp9bdpa4kpin9c9hh',
      siteIdentifier: 'zweitmeinu-ng',
      domain: 'zweitmein.ng',
      siteName: 'zweitmeinu.ng',
      tagline: 'Beratung wenn sie wirklich wichtig ist',
      aliases: [Object],
      brand: 'portal',
      specialty: 'general',
      locales: [Array],
      navigation: [Object],
      footer: [Object],
      features: [Object],
      createdAt: '2025-07-16T09:47:54.613Z',
      updatedAt: '2025-08-07T21:34:27.933Z',
      publishedAt: '2025-08-07T21:34:28.025Z',
      logo: [Object],
      favicon: [Object],
      theme: [Object],
      contact: [Object],
      socialMedia: [Object],
      analytics: null,
      seo: [Object],
      portalSettings: null,
      maintenanceMode: [Object],
      emailSettings: [Object]
    }
  ],
  meta: { pagination: { page: 1, pageSize: 25, pageCount: 1, total: 2 } }
}
[INFO] Available fields in zweitmeinu-ng: [
  'id',              'documentId',
  'siteIdentifier',  'domain',
  'siteName',        'tagline',
  'aliases',         'brand',
  'specialty',       'locales',
  'navigation',      'footer',
  'features',        'createdAt',
  'updatedAt',       'publishedAt',
  'logo',            'favicon',
  'theme',           'contact',
  'socialMedia',     'analytics',
  'seo',             'portalSettings',
  'maintenanceMode', 'emailSettings'
]
[INFO] openingHours found: {
  regular: {
    friday: '09:00-16:00',
    monday: '09:00-16:00',
    sunday: 'geschlossen',
    tuesday: '09:00-16:00',
    saturday: 'geschlossen',
    thursday: '09:00-16:00',
    wednesday: '09:00-16:00'
  },
  holidays: 'An Feiertagen eingeschränkte Verfügbarkeit',
  emergency: '24/7 Notfall-Hotline verfügbar'
}
[INFO] Found site config: zweitmeinu.ng
[INFO] {
  realSite: {
    id: 17,
    documentId: 'a1bdq4ytp9bdpa4kpin9c9hh',
    siteIdentifier: 'zweitmeinu-ng',
    domain: 'zweitmein.ng',
    siteName: 'zweitmeinu.ng',
    tagline: 'Beratung wenn sie wirklich wichtig ist',
    aliases: { aliases: [Array] },
    brand: 'portal',
    specialty: 'general',
    locales: [ [Object] ],
    navigation: {
      topBar: [Object],
      ctaButton: [Object],
      searchBar: [Object],
      mainNavigation: [Array],
      mobileMenuSettings: [Object]
    },
    footer: {
      style: [Object],
      columns: [Array],
      copyright: [Object],
      newsletter: [Object],
      socialMedia: [Object],
      bottomSection: [Object],
      emergencyBanner: [Object]
    },
    features: { features: [Object] },
    createdAt: '2025-07-16T09:47:54.613Z',
    updatedAt: '2025-08-07T21:34:27.933Z',
    publishedAt: '2025-08-07T21:34:28.025Z',
    logo: {
      id: 4,
      documentId: 'gvyhky147n0g3bq5yi8fab1n',
      name: 'Basislogo_ohneClaim.png',
      alternativeText: null,
      caption: null,
      width: 1600,
      height: 1600,
      formats: [Object],
      hash: 'Basislogo_ohne_Claim_f755f3734e',
      ext: '.png',
      mime: 'image/png',
      size: 25.12,
      url: '/uploads/Basislogo_ohne_Claim_f755f3734e.png',
      previewUrl: null,
      provider: 'local',
      provider_metadata: null,
      createdAt: '2025-07-15T15:34:50.696Z',
      updatedAt: '2025-08-01T20:07:41.523Z',
      publishedAt: '2025-07-15T15:34:50.696Z'
    },
    favicon: {
      id: 1,
      documentId: 'b5m22t15tsep8vnuau06kgcq',
      name: 'favicon.ico',
      alternativeText: 'Favicon zweitmeinu.ng',
      caption: 'Favicon',
      width: null,
      height: null,
      formats: {},
      hash: 'favicon_af3459ec0b',
      ext: '.ico',
      mime: 'image/x-icon',
      size: 15.41,
      url: '/uploads/favicon_af3459ec0b.ico',
      previewUrl: null,
      provider: 'local',
      provider_metadata: null,
      createdAt: '2025-07-15T15:34:49.748Z',
      updatedAt: '2025-08-01T16:34:55.800Z',
      publishedAt: '2025-07-15T15:34:49.748Z'
    },
    theme: {
      id: 15,
      primaryColor: '#1278B3',
      secondaryColor: '#B3AF09',
      accentColor: '#0091BD',
      darkColor: '#004166',
      backgroundColor: '#f0f1f4',
      fontFamily: 'Roboto Condensed, Arial Narrow, sans-serif',
      customCSS: '.portal-header { background: linear-gradient(135deg, #1278B3 0%, #f0f1f4 100%); }\\n.domain-card:hover { transform: translateY(-8px); border-color: #1278B3; box-shadow: 0 12px 24px rgba(0, 65, 102, 0.15); }\\n.glassmorphism { backdrop-filter: blur(10px); background: rgba(255,255,255,0.1); }",\n' +
        '  "animations": {\n' +
        '    "enableFloatingIcons": true,\n' +
        '    "enableParallax": true,\n' +
        '    "reducedMotion": false\n' +
        '  }\n' +
        '}'
    },
    contact: {
      id: 13,
      email: 'kontakt@zweitmeinu.ng',
      phone: '0800 80 44 100',
      fax: '0800 80 44 190',
      address: 'complex care solutions GmbH\nHans-Böckler-Str. 19\n46236 Bottrop',
      emergencyHotline: '0174 3032053',
      openingHours: [Object]
    },
    socialMedia: {
      id: 12,
      facebook: null,
      x: null,
      linkedin: null,
      instagram: null,
      youtube: null,
      xing: null,
      tiktok: null,
      whatsapp: null,
      telegram: null
    },
    analytics: null,
    seo: {
      id: 32,
      metaTitle: 'Zweitmeinung Portal - Medizinische Zweitmeinung',
      metaDescription: 'Ihr zentrales Portal für qualifizierte medizinische Zweitmeinungen. Zugang zu über 1000 Experten aus über 50 Fachbereichen. Schnell, sicher, kompetent.',
      keywords: 'zweitmeinung portal, medical second opinion, medizinische zweitmeinung, expertenrat, facharzt zweitmeinung, zweitmeinung online',
      canonicalURL: 'https://zweitmeinu.ng',
      structuredData: [Object]
    },
    portalSettings: null,
    maintenanceMode: {
      id: 12,
      enabled: false,
      startDate: null,
      endDate: null,
      title: 'Wartungsarbeiten',
      message: 'Wir führen gerade wichtige Wartungsarbeiten durch. Bitte versuchen Sie es später erneut.',
      allowedRoles: [Array],
      showProgressBar: false,
      progressPercentage: 0,
      contactInfo: [Object],
      customCSS: null,
      redirectUrl: null
    },
    emailSettings: {
      id: 17,
      fromEmail: 'noreply@zweitmeinu.ng',
      fromName: 'zweitmeinu.ng',
      replyToEmail: 'kontakt@zweitmeinu.ng',
      notificationEmail: 'kontakt@zweitmeinu.ng',
      ccEmails: [],
      emailSignature: null,
      emailFooter: 'Diese E-Mail wurde automatisch generiert.',
      notificationSettings: [Object],
      emailTemplateStyle: [Object]
    }
  }
} 🔄 Converting real site config
[INFO] Converted site config: {
  id: 17,
  attributes: {
    siteIdentifier: 'zweitmeinu-ng',
    domain: 'zweitmein.ng',
    siteName: 'zweitmeinu.ng',
    tagline: 'Beratung wenn sie wirklich wichtig ist',
    brand: 'portal',
    specialty: 'general',
    logo: { data: [Object] },
    favicon: { data: [Object] },
    navigation: { main: [Array], footer: [] },
    contact: {
      id: 1,
      email: 'kontakt@zweitmeinu.ng',
      phone: '+49 800 80 44 100',
      emergencyHotline: '+49 800 80 44 100',
      openingHours: [Object],
      address: 'Complex Care Solutions GmbH\nBottrop, Deutschland'
    },
    socialMedia: {
      id: 12,
      facebook: null,
      x: null,
      linkedin: null,
      instagram: null,
      youtube: null,
      xing: null,
      tiktok: null,
      whatsapp: null,
      telegram: null
    },
    topBar: {
      enabled: true,
      content: [Array],
      backgroundColor: '#004166',
      textColor: '#ffffff'
    },
    ctaButton: {
      label: 'Notfall-Zweitmeinung',
      url: '/notfall',
      backgroundColor: '#B3AF09',
      textColor: '#ffffff',
      animate: true
    },
    footer: {
      style: [Object],
      columns: [Array],
      copyright: [Object],
      newsletter: [Object],
      socialMedia: [Object],
      bottomSection: [Object],
      emergencyBanner: [Object]
    },
    createdAt: '2025-07-16T09:47:54.613Z',
    updatedAt: '2025-08-07T21:34:27.933Z',
    publishedAt: '2025-08-07T21:34:28.025Z'
  }
}
[INFO] Site config validation passed
[INFO] Site configuration validated successfully
[INFO] Site config cached successfully
 GET /api/site-config 200 in 2710ms
[INFO] Loading fresh site config
[INFO] Fetching site configuration for zweitmeinu-ng...
[INFO] Loading homepage data...
[INFO] Fetching page with slug: home
[INFO] Loading fresh site config
[INFO] Fetching site configuration for zweitmeinu-ng...
[INFO] Fetching page with slug: home
[INFO] Site config API response: {
  data: [
    {
      id: 8,
      documentId: 'qxinjhtvfmliqjk3fs22cxcg',
      siteIdentifier: 'complexcare-de',
      domain: 'complexcaresolutions.de',
      siteName: 'complex care solutions GmbH',
      tagline: 'advancing healthcare',
      aliases: null,
      brand: 'complexcare',
      specialty: 'general',
      locales: [Array],
      navigation: [Object],
      footer: [Object],
      features: null,
      createdAt: '2025-07-16T19:19:27.062Z',
      updatedAt: '2025-07-16T19:39:51.986Z',
      publishedAt: '2025-07-16T19:39:52.110Z',
      logo: [Object],
      favicon: [Object],
      theme: [Object],
      contact: null,
      socialMedia: null,
      analytics: null,
      seo: null,
      portalSettings: null,
      maintenanceMode: null,
      emailSettings: [Object]
    },
    {
      id: 17,
      documentId: 'a1bdq4ytp9bdpa4kpin9c9hh',
      siteIdentifier: 'zweitmeinu-ng',
      domain: 'zweitmein.ng',
      siteName: 'zweitmeinu.ng',
      tagline: 'Beratung wenn sie wirklich wichtig ist',
      aliases: [Object],
      brand: 'portal',
      specialty: 'general',
      locales: [Array],
      navigation: [Object],
      footer: [Object],
      features: [Object],
      createdAt: '2025-07-16T09:47:54.613Z',
      updatedAt: '2025-08-07T21:34:27.933Z',
      publishedAt: '2025-08-07T21:34:28.025Z',
      logo: [Object],
      favicon: [Object],
      theme: [Object],
      contact: [Object],
      socialMedia: [Object],
      analytics: null,
      seo: [Object],
      portalSettings: null,
      maintenanceMode: [Object],
      emailSettings: [Object]
    }
  ],
  meta: { pagination: { page: 1, pageSize: 25, pageCount: 1, total: 2 } }
}
[INFO] Available fields in zweitmeinu-ng: [
  'id',              'documentId',
  'siteIdentifier',  'domain',
  'siteName',        'tagline',
  'aliases',         'brand',
  'specialty',       'locales',
  'navigation',      'footer',
  'features',        'createdAt',
  'updatedAt',       'publishedAt',
  'logo',            'favicon',
  'theme',           'contact',
  'socialMedia',     'analytics',
  'seo',             'portalSettings',
  'maintenanceMode', 'emailSettings'
]
[INFO] openingHours found: {
  regular: {
    friday: '09:00-16:00',
    monday: '09:00-16:00',
    sunday: 'geschlossen',
    tuesday: '09:00-16:00',
    saturday: 'geschlossen',
    thursday: '09:00-16:00',
    wednesday: '09:00-16:00'
  },
  holidays: 'An Feiertagen eingeschränkte Verfügbarkeit',
  emergency: '24/7 Notfall-Hotline verfügbar'
}
[INFO] Found site config: zweitmeinu.ng
[INFO] {
  realSite: {
    id: 17,
    documentId: 'a1bdq4ytp9bdpa4kpin9c9hh',
    siteIdentifier: 'zweitmeinu-ng',
    domain: 'zweitmein.ng',
    siteName: 'zweitmeinu.ng',
    tagline: 'Beratung wenn sie wirklich wichtig ist',
    aliases: { aliases: [Array] },
    brand: 'portal',
    specialty: 'general',
    locales: [ [Object] ],
    navigation: {
      topBar: [Object],
      ctaButton: [Object],
      searchBar: [Object],
      mainNavigation: [Array],
      mobileMenuSettings: [Object]
    },
    footer: {
      style: [Object],
      columns: [Array],
      copyright: [Object],
      newsletter: [Object],
      socialMedia: [Object],
      bottomSection: [Object],
      emergencyBanner: [Object]
    },
    features: { features: [Object] },
    createdAt: '2025-07-16T09:47:54.613Z',
    updatedAt: '2025-08-07T21:34:27.933Z',
    publishedAt: '2025-08-07T21:34:28.025Z',
    logo: {
      id: 4,
      documentId: 'gvyhky147n0g3bq5yi8fab1n',
      name: 'Basislogo_ohneClaim.png',
      alternativeText: null,
      caption: null,
      width: 1600,
      height: 1600,
      formats: [Object],
      hash: 'Basislogo_ohne_Claim_f755f3734e',
      ext: '.png',
      mime: 'image/png',
      size: 25.12,
      url: '/uploads/Basislogo_ohne_Claim_f755f3734e.png',
      previewUrl: null,
      provider: 'local',
      provider_metadata: null,
      createdAt: '2025-07-15T15:34:50.696Z',
      updatedAt: '2025-08-01T20:07:41.523Z',
      publishedAt: '2025-07-15T15:34:50.696Z'
    },
    favicon: {
      id: 1,
      documentId: 'b5m22t15tsep8vnuau06kgcq',
      name: 'favicon.ico',
      alternativeText: 'Favicon zweitmeinu.ng',
      caption: 'Favicon',
      width: null,
      height: null,
      formats: {},
      hash: 'favicon_af3459ec0b',
      ext: '.ico',
      mime: 'image/x-icon',
      size: 15.41,
      url: '/uploads/favicon_af3459ec0b.ico',
      previewUrl: null,
      provider: 'local',
      provider_metadata: null,
      createdAt: '2025-07-15T15:34:49.748Z',
      updatedAt: '2025-08-01T16:34:55.800Z',
      publishedAt: '2025-07-15T15:34:49.748Z'
    },
    theme: {
      id: 15,
      primaryColor: '#1278B3',
      secondaryColor: '#B3AF09',
      accentColor: '#0091BD',
      darkColor: '#004166',
      backgroundColor: '#f0f1f4',
      fontFamily: 'Roboto Condensed, Arial Narrow, sans-serif',
      customCSS: '.portal-header { background: linear-gradient(135deg, #1278B3 0%, #f0f1f4 100%); }\\n.domain-card:hover { transform: translateY(-8px); border-color: #1278B3; box-shadow: 0 12px 24px rgba(0, 65, 102, 0.15); }\\n.glassmorphism { backdrop-filter: blur(10px); background: rgba(255,255,255,0.1); }",\n' +
        '  "animations": {\n' +
        '    "enableFloatingIcons": true,\n' +
        '    "enableParallax": true,\n' +
        '    "reducedMotion": false\n' +
        '  }\n' +
        '}'
    },
    contact: {
      id: 13,
      email: 'kontakt@zweitmeinu.ng',
      phone: '0800 80 44 100',
      fax: '0800 80 44 190',
      address: 'complex care solutions GmbH\nHans-Böckler-Str. 19\n46236 Bottrop',
      emergencyHotline: '0174 3032053',
      openingHours: [Object]
    },
    socialMedia: {
      id: 12,
      facebook: null,
      x: null,
      linkedin: null,
      instagram: null,
      youtube: null,
      xing: null,
      tiktok: null,
      whatsapp: null,
      telegram: null
    },
    analytics: null,
    seo: {
      id: 32,
      metaTitle: 'Zweitmeinung Portal - Medizinische Zweitmeinung',
      metaDescription: 'Ihr zentrales Portal für qualifizierte medizinische Zweitmeinungen. Zugang zu über 1000 Experten aus über 50 Fachbereichen. Schnell, sicher, kompetent.',
      keywords: 'zweitmeinung portal, medical second opinion, medizinische zweitmeinung, expertenrat, facharzt zweitmeinung, zweitmeinung online',
      canonicalURL: 'https://zweitmeinu.ng',
      structuredData: [Object]
    },
    portalSettings: null,
    maintenanceMode: {
      id: 12,
      enabled: false,
      startDate: null,
      endDate: null,
      title: 'Wartungsarbeiten',
      message: 'Wir führen gerade wichtige Wartungsarbeiten durch. Bitte versuchen Sie es später erneut.',
      allowedRoles: [Array],
      showProgressBar: false,
      progressPercentage: 0,
      contactInfo: [Object],
      customCSS: null,
      redirectUrl: null
    },
    emailSettings: {
      id: 17,
      fromEmail: 'noreply@zweitmeinu.ng',
      fromName: 'zweitmeinu.ng',
      replyToEmail: 'kontakt@zweitmeinu.ng',
      notificationEmail: 'kontakt@zweitmeinu.ng',
      ccEmails: [],
      emailSignature: null,
      emailFooter: 'Diese E-Mail wurde automatisch generiert.',
      notificationSettings: [Object],
      emailTemplateStyle: [Object]
    }
  }
} 🔄 Converting real site config
[INFO] Converted site config: {
  id: 17,
  attributes: {
    siteIdentifier: 'zweitmeinu-ng',
    domain: 'zweitmein.ng',
    siteName: 'zweitmeinu.ng',
    tagline: 'Beratung wenn sie wirklich wichtig ist',
    brand: 'portal',
    specialty: 'general',
    logo: { data: [Object] },
    favicon: { data: [Object] },
    navigation: { main: [Array], footer: [] },
    contact: {
      id: 1,
      email: 'kontakt@zweitmeinu.ng',
      phone: '+49 800 80 44 100',
      emergencyHotline: '+49 800 80 44 100',
      openingHours: [Object],
      address: 'Complex Care Solutions GmbH\nBottrop, Deutschland'
    },
    socialMedia: {
      id: 12,
      facebook: null,
      x: null,
      linkedin: null,
      instagram: null,
      youtube: null,
      xing: null,
      tiktok: null,
      whatsapp: null,
      telegram: null
    },
    topBar: {
      enabled: true,
      content: [Array],
      backgroundColor: '#004166',
      textColor: '#ffffff'
    },
    ctaButton: {
      label: 'Notfall-Zweitmeinung',
      url: '/notfall',
      backgroundColor: '#B3AF09',
      textColor: '#ffffff',
      animate: true
    },
    footer: {
      style: [Object],
      columns: [Array],
      copyright: [Object],
      newsletter: [Object],
      socialMedia: [Object],
      bottomSection: [Object],
      emergencyBanner: [Object]
    },
    createdAt: '2025-07-16T09:47:54.613Z',
    updatedAt: '2025-08-07T21:34:27.933Z',
    publishedAt: '2025-08-07T21:34:28.025Z'
  }
}
[INFO] Site config validation passed
[INFO] Site configuration validated successfully
[INFO] API Response: {
  data: [
    {
      id: 15,
      documentId: 'kel6qh6p1wniyax1ng8ctwcy',
      title: 'Startseite zweitmein.ng',
      slug: 'home',
      isSharedContent: false,
      createdAt: '2025-07-17T14:52:19.550Z',
      updatedAt: '2025-08-01T09:54:22.076Z',
      publishedAt: '2025-08-01T09:54:22.382Z',
      sections: [Array],
      seo: null
    }
  ],
  meta: { pagination: { page: 1, pageSize: 25, pageCount: 1, total: 1 } }
}
[INFO] Found page: Startseite zweitmein.ng
[INFO] Sections found: 1
[INFO] { title: 'Startseite zweitmein.ng' } 🔄 Converting real page
[INFO] {
  sections: [
    {
      __component: 'sections.hero-carousel',
      id: 5,
      autoplay: true,
      autoplayInterval: 6000,
      showDots: true,
      showArrows: true,
      transitionType: 'fade',
      transitionDuration: 800,
      pauseOnHover: true,
      infiniteLoop: true,
      height: 'screen-75',
      mobileHeight: 'screen-50',
      preloadImages: true,
      lazyLoad: false,
      slides: [Array]
    }
  ]
} 📦 Real sections
[INFO] { count: 1 } ✅ Valid sections after filtering
[INFO] Converted page: {
  id: 15,
  attributes: {
    title: 'Startseite zweitmein.ng',
    slug: 'home',
    sections: [ [Object] ],
    seo: null,
    createdAt: '2025-07-17T14:52:19.550Z',
    updatedAt: '2025-08-01T09:54:22.076Z',
    publishedAt: '2025-08-01T09:54:22.382Z'
  }
}
[INFO] Site config cached successfully
[INFO] Homepage data loaded: SUCCESS
[INFO] Debug: Section Types
[INFO] Total sections: 1
[INFO] Unique types: sections.hero-carousel
[INFO] All types: sections.hero-carousel
[INFO] Using real Strapi data!
[INFO] Rendering 1 valid sections
[INFO] Site config API response: {
  data: [
    {
      id: 8,
      documentId: 'qxinjhtvfmliqjk3fs22cxcg',
      siteIdentifier: 'complexcare-de',
      domain: 'complexcaresolutions.de',
      siteName: 'complex care solutions GmbH',
      tagline: 'advancing healthcare',
      aliases: null,
      brand: 'complexcare',
      specialty: 'general',
      locales: [Array],
      navigation: [Object],
      footer: [Object],
      features: null,
      createdAt: '2025-07-16T19:19:27.062Z',
      updatedAt: '2025-07-16T19:39:51.986Z',
      publishedAt: '2025-07-16T19:39:52.110Z',
      logo: [Object],
      favicon: [Object],
      theme: [Object],
      contact: null,
      socialMedia: null,
      analytics: null,
      seo: null,
      portalSettings: null,
      maintenanceMode: null,
      emailSettings: [Object]
    },
    {
      id: 17,
      documentId: 'a1bdq4ytp9bdpa4kpin9c9hh',
      siteIdentifier: 'zweitmeinu-ng',
      domain: 'zweitmein.ng',
      siteName: 'zweitmeinu.ng',
      tagline: 'Beratung wenn sie wirklich wichtig ist',
      aliases: [Object],
      brand: 'portal',
      specialty: 'general',
      locales: [Array],
      navigation: [Object],
      footer: [Object],
      features: [Object],
      createdAt: '2025-07-16T09:47:54.613Z',
      updatedAt: '2025-08-07T21:34:27.933Z',
      publishedAt: '2025-08-07T21:34:28.025Z',
      logo: [Object],
      favicon: [Object],
      theme: [Object],
      contact: [Object],
      socialMedia: [Object],
      analytics: null,
      seo: [Object],
      portalSettings: null,
      maintenanceMode: [Object],
      emailSettings: [Object]
    }
  ],
  meta: { pagination: { page: 1, pageSize: 25, pageCount: 1, total: 2 } }
}
[INFO] Available fields in zweitmeinu-ng: [
  'id',              'documentId',
  'siteIdentifier',  'domain',
  'siteName',        'tagline',
  'aliases',         'brand',
  'specialty',       'locales',
  'navigation',      'footer',
  'features',        'createdAt',
  'updatedAt',       'publishedAt',
  'logo',            'favicon',
  'theme',           'contact',
  'socialMedia',     'analytics',
  'seo',             'portalSettings',
  'maintenanceMode', 'emailSettings'
]
[INFO] openingHours found: {
  regular: {
    friday: '09:00-16:00',
    monday: '09:00-16:00',
    sunday: 'geschlossen',
    tuesday: '09:00-16:00',
    saturday: 'geschlossen',
    thursday: '09:00-16:00',
    wednesday: '09:00-16:00'
  },
  holidays: 'An Feiertagen eingeschränkte Verfügbarkeit',
  emergency: '24/7 Notfall-Hotline verfügbar'
}
[INFO] Found site config: zweitmeinu.ng
[INFO] {
  realSite: {
    id: 17,
    documentId: 'a1bdq4ytp9bdpa4kpin9c9hh',
    siteIdentifier: 'zweitmeinu-ng',
    domain: 'zweitmein.ng',
    siteName: 'zweitmeinu.ng',
    tagline: 'Beratung wenn sie wirklich wichtig ist',
    aliases: { aliases: [Array] },
    brand: 'portal',
    specialty: 'general',
    locales: [ [Object] ],
    navigation: {
      topBar: [Object],
      ctaButton: [Object],
      searchBar: [Object],
      mainNavigation: [Array],
      mobileMenuSettings: [Object]
    },
    footer: {
      style: [Object],
      columns: [Array],
      copyright: [Object],
      newsletter: [Object],
      socialMedia: [Object],
      bottomSection: [Object],
      emergencyBanner: [Object]
    },
    features: { features: [Object] },
    createdAt: '2025-07-16T09:47:54.613Z',
    updatedAt: '2025-08-07T21:34:27.933Z',
    publishedAt: '2025-08-07T21:34:28.025Z',
    logo: {
      id: 4,
      documentId: 'gvyhky147n0g3bq5yi8fab1n',
      name: 'Basislogo_ohneClaim.png',
      alternativeText: null,
      caption: null,
      width: 1600,
      height: 1600,
      formats: [Object],
      hash: 'Basislogo_ohne_Claim_f755f3734e',
      ext: '.png',
      mime: 'image/png',
      size: 25.12,
      url: '/uploads/Basislogo_ohne_Claim_f755f3734e.png',
      previewUrl: null,
      provider: 'local',
      provider_metadata: null,
      createdAt: '2025-07-15T15:34:50.696Z',
      updatedAt: '2025-08-01T20:07:41.523Z',
      publishedAt: '2025-07-15T15:34:50.696Z'
    },
    favicon: {
      id: 1,
      documentId: 'b5m22t15tsep8vnuau06kgcq',
      name: 'favicon.ico',
      alternativeText: 'Favicon zweitmeinu.ng',
      caption: 'Favicon',
      width: null,
      height: null,
      formats: {},
      hash: 'favicon_af3459ec0b',
      ext: '.ico',
      mime: 'image/x-icon',
      size: 15.41,
      url: '/uploads/favicon_af3459ec0b.ico',
      previewUrl: null,
      provider: 'local',
      provider_metadata: null,
      createdAt: '2025-07-15T15:34:49.748Z',
      updatedAt: '2025-08-01T16:34:55.800Z',
      publishedAt: '2025-07-15T15:34:49.748Z'
    },
    theme: {
      id: 15,
      primaryColor: '#1278B3',
      secondaryColor: '#B3AF09',
      accentColor: '#0091BD',
      darkColor: '#004166',
      backgroundColor: '#f0f1f4',
      fontFamily: 'Roboto Condensed, Arial Narrow, sans-serif',
      customCSS: '.portal-header { background: linear-gradient(135deg, #1278B3 0%, #f0f1f4 100%); }\\n.domain-card:hover { transform: translateY(-8px); border-color: #1278B3; box-shadow: 0 12px 24px rgba(0, 65, 102, 0.15); }\\n.glassmorphism { backdrop-filter: blur(10px); background: rgba(255,255,255,0.1); }",\n' +
        '  "animations": {\n' +
        '    "enableFloatingIcons": true,\n' +
        '    "enableParallax": true,\n' +
        '    "reducedMotion": false\n' +
        '  }\n' +
        '}'
    },
    contact: {
      id: 13,
      email: 'kontakt@zweitmeinu.ng',
      phone: '0800 80 44 100',
      fax: '0800 80 44 190',
      address: 'complex care solutions GmbH\nHans-Böckler-Str. 19\n46236 Bottrop',
      emergencyHotline: '0174 3032053',
      openingHours: [Object]
    },
    socialMedia: {
      id: 12,
      facebook: null,
      x: null,
      linkedin: null,
      instagram: null,
      youtube: null,
      xing: null,
      tiktok: null,
      whatsapp: null,
      telegram: null
    },
    analytics: null,
    seo: {
      id: 32,
      metaTitle: 'Zweitmeinung Portal - Medizinische Zweitmeinung',
      metaDescription: 'Ihr zentrales Portal für qualifizierte medizinische Zweitmeinungen. Zugang zu über 1000 Experten aus über 50 Fachbereichen. Schnell, sicher, kompetent.',
      keywords: 'zweitmeinung portal, medical second opinion, medizinische zweitmeinung, expertenrat, facharzt zweitmeinung, zweitmeinung online',
      canonicalURL: 'https://zweitmeinu.ng',
      structuredData: [Object]
    },
    portalSettings: null,
    maintenanceMode: {
      id: 12,
      enabled: false,
      startDate: null,
      endDate: null,
      title: 'Wartungsarbeiten',
      message: 'Wir führen gerade wichtige Wartungsarbeiten durch. Bitte versuchen Sie es später erneut.',
      allowedRoles: [Array],
      showProgressBar: false,
      progressPercentage: 0,
      contactInfo: [Object],
      customCSS: null,
      redirectUrl: null
    },
    emailSettings: {
      id: 17,
      fromEmail: 'noreply@zweitmeinu.ng',
      fromName: 'zweitmeinu.ng',
      replyToEmail: 'kontakt@zweitmeinu.ng',
      notificationEmail: 'kontakt@zweitmeinu.ng',
      ccEmails: [],
      emailSignature: null,
      emailFooter: 'Diese E-Mail wurde automatisch generiert.',
      notificationSettings: [Object],
      emailTemplateStyle: [Object]
    }
  }
} 🔄 Converting real site config
[INFO] Converted site config: {
  id: 17,
  attributes: {
    siteIdentifier: 'zweitmeinu-ng',
    domain: 'zweitmein.ng',
    siteName: 'zweitmeinu.ng',
    tagline: 'Beratung wenn sie wirklich wichtig ist',
    brand: 'portal',
    specialty: 'general',
    logo: { data: [Object] },
    favicon: { data: [Object] },
    navigation: { main: [Array], footer: [] },
    contact: {
      id: 1,
      email: 'kontakt@zweitmeinu.ng',
      phone: '+49 800 80 44 100',
      emergencyHotline: '+49 800 80 44 100',
      openingHours: [Object],
      address: 'Complex Care Solutions GmbH\nBottrop, Deutschland'
    },
    socialMedia: {
      id: 12,
      facebook: null,
      x: null,
      linkedin: null,
      instagram: null,
      youtube: null,
      xing: null,
      tiktok: null,
      whatsapp: null,
      telegram: null
    },
    topBar: {
      enabled: true,
      content: [Array],
      backgroundColor: '#004166',
      textColor: '#ffffff'
    },
    ctaButton: {
      label: 'Notfall-Zweitmeinung',
      url: '/notfall',
      backgroundColor: '#B3AF09',
      textColor: '#ffffff',
      animate: true
    },
    footer: {
      style: [Object],
      columns: [Array],
      copyright: [Object],
      newsletter: [Object],
      socialMedia: [Object],
      bottomSection: [Object],
      emergencyBanner: [Object]
    },
    createdAt: '2025-07-16T09:47:54.613Z',
    updatedAt: '2025-08-07T21:34:27.933Z',
    publishedAt: '2025-08-07T21:34:28.025Z'
  }
}
[INFO] Site config validation passed
[INFO] Site configuration validated successfully
[INFO] API Response: {
  data: [
    {
      id: 15,
      documentId: 'kel6qh6p1wniyax1ng8ctwcy',
      title: 'Startseite zweitmein.ng',
      slug: 'home',
      isSharedContent: false,
      createdAt: '2025-07-17T14:52:19.550Z',
      updatedAt: '2025-08-01T09:54:22.076Z',
      publishedAt: '2025-08-01T09:54:22.382Z',
      sections: [Array],
      seo: null
    }
  ],
  meta: { pagination: { page: 1, pageSize: 25, pageCount: 1, total: 1 } }
}
[INFO] Found page: Startseite zweitmein.ng
[INFO] Sections found: 1
[INFO] { title: 'Startseite zweitmein.ng' } 🔄 Converting real page
[INFO] {
  sections: [
    {
      __component: 'sections.hero-carousel',
      id: 5,
      autoplay: true,
      autoplayInterval: 6000,
      showDots: true,
      showArrows: true,
      transitionType: 'fade',
      transitionDuration: 800,
      pauseOnHover: true,
      infiniteLoop: true,
      height: 'screen-75',
      mobileHeight: 'screen-50',
      preloadImages: true,
      lazyLoad: false,
      slides: [Array]
    }
  ]
} 📦 Real sections
[INFO] { count: 1 } ✅ Valid sections after filtering
[INFO] Converted page: {
  id: 15,
  attributes: {
    title: 'Startseite zweitmein.ng',
    slug: 'home',
    sections: [ [Object] ],
    seo: null,
    createdAt: '2025-07-17T14:52:19.550Z',
    updatedAt: '2025-08-01T09:54:22.076Z',
    publishedAt: '2025-08-01T09:54:22.382Z'
  }
}
[INFO] Site config cached successfully
 GET / 200 in 238ms
